2026-07-21T10:52:58.686283+00:00 Unix-Workstation systemd-logind[5584]: New seat seat0.
2026-07-21T10:52:58.686391+00:00 Unix-Workstation systemd-logind[5584]: Watching system buttons on /dev/input/event0 (Power Button)
2026-07-21T10:52:58.686509+00:00 Unix-Workstation systemd-logind[5584]: Watching system buttons on /dev/input/event1 (AT Translated Set 2 keyboard)
2026-07-21T10:52:58.810976+00:00 Unix-Workstation polkitd[5545]: Loading rules from directory /etc/polkit-1/rules.d
2026-07-21T10:52:58.811154+00:00 Unix-Workstation polkitd[5545]: Loading rules from directory /run/polkit-1/rules.d
2026-07-21T10:52:58.811205+00:00 Unix-Workstation polkitd[5545]: Error opening rules directory: Error opening directory “/run/polkit-1/rules.d”: No such file or directory (g-file-error-quark, 4)
2026-07-21T10:52:58.811300+00:00 Unix-Workstation polkitd[5545]: Loading rules from directory /usr/local/share/polkit-1/rules.d
2026-07-21T10:52:58.811357+00:00 Unix-Workstation polkitd[5545]: Error opening rules directory: Error opening directory “/usr/local/share/polkit-1/rules.d”: No such file or directory (g-file-error-quark, 4)
2026-07-21T10:52:58.811411+00:00 Unix-Workstation polkitd[5545]: Loading rules from directory /usr/share/polkit-1/rules.d
2026-07-21T10:52:58.819376+00:00 Unix-Workstation polkitd[5545]: Finished loading, compiling and executing 18 rules
2026-07-21T10:52:58.822829+00:00 Unix-Workstation polkitd[5545]: Acquired the name org.freedesktop.PolicyKit1 on the system bus
2026-07-21T10:53:01.269840+00:00 Unix-Workstation useradd[5988]: new group: name=unixuser, GID=1000
2026-07-21T10:53:01.270502+00:00 Unix-Workstation useradd[5988]: new user: name=unixuser, UID=1000, GID=1000, home=/home/unixuser, shell=/bin/bash, from=none
2026-07-21T10:53:01.271494+00:00 Unix-Workstation useradd[5988]: add 'unixuser' to group 'adm'
2026-07-21T10:53:01.271820+00:00 Unix-Workstation useradd[5988]: add 'unixuser' to group 'cdrom'
2026-07-21T10:53:01.271927+00:00 Unix-Workstation useradd[5988]: add 'unixuser' to group 'sudo'
2026-07-21T10:53:01.272022+00:00 Unix-Workstation useradd[5988]: add 'unixuser' to group 'dip'
2026-07-21T10:53:01.272504+00:00 Unix-Workstation useradd[5988]: add 'unixuser' to group 'plugdev'
2026-07-21T10:53:01.272644+00:00 Unix-Workstation useradd[5988]: add 'unixuser' to group 'users'
2026-07-21T10:53:01.272742+00:00 Unix-Workstation useradd[5988]: add 'unixuser' to group 'lpadmin'
2026-07-21T10:53:01.272856+00:00 Unix-Workstation useradd[5988]: add 'unixuser' to shadow group 'adm'
2026-07-21T10:53:01.273158+00:00 Unix-Workstation useradd[5988]: add 'unixuser' to shadow group 'cdrom'
2026-07-21T10:53:01.273250+00:00 Unix-Workstation useradd[5988]: add 'unixuser' to shadow group 'sudo'
2026-07-21T10:53:01.273314+00:00 Unix-Workstation useradd[5988]: add 'unixuser' to shadow group 'dip'
2026-07-21T10:53:01.273353+00:00 Unix-Workstation useradd[5988]: add 'unixuser' to shadow group 'plugdev'
2026-07-21T10:53:01.273399+00:00 Unix-Workstation useradd[5988]: add 'unixuser' to shadow group 'users'
2026-07-21T10:53:01.273438+00:00 Unix-Workstation useradd[5988]: add 'unixuser' to shadow group 'lpadmin'
2026-07-21T10:53:01.302423+00:00 Unix-Workstation passwd[5993]: password for 'unixuser' changed by 'root'
2026-07-21T10:53:04.262306+00:00 Unix-Workstation gdm-launch-environment]: pam_unix(gdm-launch-environment:session): session opened for user gdm(uid=119) by (uid=0)
2026-07-21T10:53:04.277829+00:00 Unix-Workstation systemd-logind[5584]: New session c1 of user gdm.
2026-07-21T10:53:04.366331+00:00 Unix-Workstation (systemd): pam_unix(systemd-user:session): session opened for user gdm(uid=119) by gdm(uid=0)
2026-07-21T10:53:04.368734+00:00 Unix-Workstation systemd-logind[5584]: New session 1 of user gdm.
2026-07-21T10:53:06.958453+00:00 Unix-Workstation polkitd[5545]: Registered Authentication Agent for unix-session:c1 (system bus name :1.43 [/usr/bin/gnome-shell], object path /org/freedesktop/PolicyKit1/AuthenticationAgent, locale en_US.UTF-8)
2026-07-21T10:53:08.534894+00:00 Unix-Workstation gnome-keyring-daemon[6720]: The Secret Service was already initialized
2026-07-21T10:53:08.535381+00:00 Unix-Workstation gnome-keyring-daemon[6719]: discover_other_daemon: 1
2026-07-21T10:54:01.436572+00:00 Unix-Workstation CRON[6987]: pam_unix(cron:session): session opened for user root(uid=0) by root(uid=0)
2026-07-21T10:54:01.440347+00:00 Unix-Workstation CRON[6987]: pam_unix(cron:session): session closed for user root
2026-07-21T10:54:05.201391+00:00 Unix-Workstation gdm-password]: gkr-pam: unable to locate daemon control file
2026-07-21T10:54:05.201541+00:00 Unix-Workstation gdm-password]: gkr-pam: stashed password to try later in open session
2026-07-21T10:54:05.216088+00:00 Unix-Workstation gdm-password]: pam_unix(gdm-password:session): session opened for user unixuser(uid=1000) by unixuser(uid=0)
2026-07-21T10:54:05.231775+00:00 Unix-Workstation systemd-logind[5584]: New session 3 of user unixuser.
2026-07-21T10:54:05.279661+00:00 Unix-Workstation (systemd): pam_unix(systemd-user:session): session opened for user unixuser(uid=1000) by unixuser(uid=0)
2026-07-21T10:54:05.282344+00:00 Unix-Workstation systemd-logind[5584]: New session 4 of user unixuser.
2026-07-21T10:54:05.680604+00:00 Unix-Workstation gdm-password]: gkr-pam: unlocked login keyring
2026-07-21T10:54:06.424499+00:00 Unix-Workstation gnome-keyring-daemon[7016]: The Secret Service was already initialized
2026-07-21T10:54:06.425526+00:00 Unix-Workstation gnome-keyring-daemon[7449]: discover_other_daemon: 1
2026-07-21T10:54:06.427321+00:00 Unix-Workstation gnome-keyring-daemon[7016]: The PKCS#11 component was already initialized
2026-07-21T10:54:06.428257+00:00 Unix-Workstation gnome-keyring-daemon[7452]: discover_other_daemon: 1
2026-07-21T10:54:06.440538+00:00 Unix-Workstation gnome-keyring-daemon[7454]: discover_other_daemon: 1
2026-07-21T10:54:08.147064+00:00 Unix-Workstation polkitd[5545]: Registered Authentication Agent for unix-session:3 (system bus name :1.93 [/usr/bin/gnome-shell], object path /org/freedesktop/PolicyKit1/AuthenticationAgent, locale en_US.UTF-8)
2026-07-21T10:54:08.933200+00:00 Unix-Workstation gdm-launch-environment]: pam_unix(gdm-launch-environment:session): session closed for user gdm
2026-07-21T10:54:08.944778+00:00 Unix-Workstation systemd-logind[5584]: Session c1 logged out. Waiting for processes to exit.
2026-07-21T10:54:09.004108+00:00 Unix-Workstation polkitd[5545]: Unregistered Authentication Agent for unix-session:c1 (system bus name :1.43, object path /org/freedesktop/PolicyKit1/AuthenticationAgent, locale en_US.UTF-8) (disconnected from bus)
2026-07-21T10:54:09.013793+00:00 Unix-Workstation systemd-logind[5584]: Removed session c1.
2026-07-21T10:54:19.300704+00:00 Unix-Workstation systemd-logind[5584]: Removed session 1.
2026-07-21T10:54:19.301206+00:00 Unix-Workstation (sd-pam): pam_unix(systemd-user:session): session closed for user gdm
2026-07-21T10:55:01.448035+00:00 Unix-Workstation CRON[8301]: pam_unix(cron:session): session opened for user root(uid=0) by root(uid=0)
2026-07-21T10:55:01.453464+00:00 Unix-Workstation CRON[8301]: pam_unix(cron:session): session closed for user root
2026-07-21T10:55:10.664009+00:00 Unix-Workstation pkexec: pam_unix(polkit-1:session): session opened for user root(uid=0) by unixuser(uid=1000)
2026-07-21T10:55:10.665585+00:00 Unix-Workstation pkexec[8451]: unixuser: Executing command [USER=root] [TTY=unknown] [CWD=/home/unixuser] [COMMAND=/usr/lib/update-notifier/package-system-locked]
2026-07-21T11:01:02.222798+00:00 Unix-Workstation dbus-daemon[5538]: [system] Failed to activate service 'org.bluez': timed out (service_start_timeout=25000ms)
2026-07-21T11:05:01.462712+00:00 Unix-Workstation CRON[8992]: pam_unix(cron:session): session opened for user root(uid=0) by root(uid=0)
2026-07-21T11:05:01.467852+00:00 Unix-Workstation CRON[8992]: pam_unix(cron:session): session closed for user root
2026-07-21T11:15:01.477203+00:00 Unix-Workstation CRON[9020]: pam_unix(cron:session): session opened for user root(uid=0) by root(uid=0)
2026-07-21T11:15:01.482625+00:00 Unix-Workstation CRON[9020]: pam_unix(cron:session): session closed for user root
2026-07-21T11:17:01.493039+00:00 Unix-Workstation CRON[9023]: pam_unix(cron:session): session opened for user root(uid=0) by root(uid=0)
2026-07-21T11:17:01.498867+00:00 Unix-Workstation CRON[9023]: pam_unix(cron:session): session closed for user root
2026-07-21T11:25:01.508449+00:00 Unix-Workstation CRON[9035]: pam_unix(cron:session): session opened for user root(uid=0) by root(uid=0)
2026-07-21T11:25:01.513934+00:00 Unix-Workstation CRON[9035]: pam_unix(cron:session): session closed for user root
2026-07-21T11:30:01.523347+00:00 Unix-Workstation CRON[9039]: pam_unix(cron:session): session opened for user root(uid=0) by root(uid=0)
2026-07-21T11:30:01.527811+00:00 Unix-Workstation CRON[9039]: pam_unix(cron:session): session closed for user root
2026-07-21T11:35:01.537945+00:00 Unix-Workstation CRON[9055]: pam_unix(cron:session): session opened for user root(uid=0) by root(uid=0)
2026-07-21T11:35:01.542888+00:00 Unix-Workstation CRON[9055]: pam_unix(cron:session): session closed for user root
2026-07-21T11:45:01.552949+00:00 Unix-Workstation CRON[9081]: pam_unix(cron:session): session opened for user root(uid=0) by root(uid=0)
2026-07-21T11:45:01.558460+00:00 Unix-Workstation CRON[9081]: pam_unix(cron:session): session closed for user root
2026-07-21T11:55:01.568487+00:00 Unix-Workstation CRON[9112]: pam_unix(cron:session): session opened for user root(uid=0) by root(uid=0)
2026-07-21T11:55:01.573912+00:00 Unix-Workstation CRON[9112]: pam_unix(cron:session): session closed for user root
2026-07-21T12:05:01.584199+00:00 Unix-Workstation CRON[9123]: pam_unix(cron:session): session opened for user root(uid=0) by root(uid=0)
2026-07-21T12:05:01.588960+00:00 Unix-Workstation CRON[9123]: pam_unix(cron:session): session closed for user root
2026-07-21T12:15:01.598785+00:00 Unix-Workstation CRON[9135]: pam_unix(cron:session): session opened for user root(uid=0) by root(uid=0)
2026-07-21T12:15:01.604083+00:00 Unix-Workstation CRON[9135]: pam_unix(cron:session): session closed for user root
2026-07-21T12:17:01.612976+00:00 Unix-Workstation CRON[9139]: pam_unix(cron:session): session opened for user root(uid=0) by root(uid=0)
2026-07-21T12:17:01.617579+00:00 Unix-Workstation CRON[9139]: pam_unix(cron:session): session closed for user root
2026-07-21T12:25:01.627018+00:00 Unix-Workstation CRON[9158]: pam_unix(cron:session): session opened for user root(uid=0) by root(uid=0)
2026-07-21T12:25:01.632589+00:00 Unix-Workstation CRON[9158]: pam_unix(cron:session): session closed for user root
2026-07-21T12:30:01.642263+00:00 Unix-Workstation CRON[9162]: pam_unix(cron:session): session opened for user root(uid=0) by root(uid=0)
2026-07-21T12:30:01.645757+00:00 Unix-Workstation CRON[9162]: pam_unix(cron:session): session closed for user root
2026-07-21T12:35:01.655051+00:00 Unix-Workstation CRON[9180]: pam_unix(cron:session): session opened for user root(uid=0) by root(uid=0)
2026-07-21T12:35:01.659843+00:00 Unix-Workstation CRON[9180]: pam_unix(cron:session): session closed for user root
2026-07-21T12:45:01.670278+00:00 Unix-Workstation CRON[9194]: pam_unix(cron:session): session opened for user root(uid=0) by root(uid=0)
2026-07-21T12:45:01.677102+00:00 Unix-Workstation CRON[9194]: pam_unix(cron:session): session closed for user root
2026-07-21T12:55:01.687269+00:00 Unix-Workstation CRON[9225]: pam_unix(cron:session): session opened for user root(uid=0) by root(uid=0)
2026-07-21T12:55:01.693311+00:00 Unix-Workstation CRON[9225]: pam_unix(cron:session): session closed for user root
2026-07-21T13:05:01.703288+00:00 Unix-Workstation CRON[9269]: pam_unix(cron:session): session opened for user root(uid=0) by root(uid=0)
2026-07-21T13:05:01.708560+00:00 Unix-Workstation CRON[9269]: pam_unix(cron:session): session closed for user root
2026-07-21T13:15:01.717746+00:00 Unix-Workstation CRON[9281]: pam_unix(cron:session): session opened for user root(uid=0) by root(uid=0)
2026-07-21T13:15:01.723029+00:00 Unix-Workstation CRON[9281]: pam_unix(cron:session): session closed for user root
2026-07-21T13:17:01.730996+00:00 Unix-Workstation CRON[9285]: pam_unix(cron:session): session opened for user root(uid=0) by root(uid=0)
2026-07-21T13:17:01.736134+00:00 Unix-Workstation CRON[9285]: pam_unix(cron:session): session closed for user root
2026-07-21T13:25:01.745717+00:00 Unix-Workstation CRON[9297]: pam_unix(cron:session): session opened for user root(uid=0) by root(uid=0)
2026-07-21T13:25:01.751311+00:00 Unix-Workstation CRON[9297]: pam_unix(cron:session): session closed for user root
2026-07-21T13:30:01.762644+00:00 Unix-Workstation CRON[9300]: pam_unix(cron:session): session opened for user root(uid=0) by root(uid=0)
2026-07-21T13:30:01.766880+00:00 Unix-Workstation CRON[9300]: pam_unix(cron:session): session closed for user root
2026-07-21T13:35:01.776481+00:00 Unix-Workstation CRON[9313]: pam_unix(cron:session): session opened for user root(uid=0) by root(uid=0)
2026-07-21T13:35:01.781924+00:00 Unix-Workstation CRON[9313]: pam_unix(cron:session): session closed for user root
2026-07-21T13:45:01.791675+00:00 Unix-Workstation CRON[9327]: pam_unix(cron:session): session opened for user root(uid=0) by root(uid=0)
2026-07-21T13:45:01.796929+00:00 Unix-Workstation CRON[9327]: pam_unix(cron:session): session closed for user root
2026-07-21T13:55:01.806563+00:00 Unix-Workstation CRON[9339]: pam_unix(cron:session): session opened for user root(uid=0) by root(uid=0)
2026-07-21T13:55:01.811913+00:00 Unix-Workstation CRON[9339]: pam_unix(cron:session): session closed for user root
2026-07-21T14:05:01.821783+00:00 Unix-Workstation CRON[9478]: pam_unix(cron:session): session opened for user root(uid=0) by root(uid=0)
2026-07-21T14:05:01.827362+00:00 Unix-Workstation CRON[9478]: pam_unix(cron:session): session closed for user root
2026-07-21T14:15:01.837137+00:00 Unix-Workstation CRON[9492]: pam_unix(cron:session): session opened for user root(uid=0) by root(uid=0)
2026-07-21T14:15:01.842855+00:00 Unix-Workstation CRON[9492]: pam_unix(cron:session): session closed for user root
2026-07-21T14:17:01.851740+00:00 Unix-Workstation CRON[9496]: pam_unix(cron:session): session opened for user root(uid=0) by root(uid=0)
2026-07-21T14:17:01.856750+00:00 Unix-Workstation CRON[9496]: pam_unix(cron:session): session closed for user root
2026-07-21T15:19:48.540393+01:00 Unix-Workstation systemd-logind[1131]: New seat seat0.
2026-07-21T15:19:48.540401+01:00 Unix-Workstation systemd-logind[1131]: Watching system buttons on /dev/input/event0 (Power Button)
2026-07-21T15:19:48.540408+01:00 Unix-Workstation systemd-logind[1131]: Watching system buttons on /dev/input/event1 (AT Translated Set 2 keyboard)
2026-07-21T15:19:48.560723+01:00 Unix-Workstation polkitd[1089]: Loading rules from directory /etc/polkit-1/rules.d
2026-07-21T15:19:48.560957+01:00 Unix-Workstation polkitd[1089]: Loading rules from directory /run/polkit-1/rules.d
2026-07-21T15:19:48.561012+01:00 Unix-Workstation polkitd[1089]: Error opening rules directory: Error opening directory “/run/polkit-1/rules.d”: No such file or directory (g-file-error-quark, 4)
2026-07-21T15:19:48.561059+01:00 Unix-Workstation polkitd[1089]: Loading rules from directory /usr/local/share/polkit-1/rules.d
2026-07-21T15:19:48.561098+01:00 Unix-Workstation polkitd[1089]: Error opening rules directory: Error opening directory “/usr/local/share/polkit-1/rules.d”: No such file or directory (g-file-error-quark, 4)
2026-07-21T15:19:48.561162+01:00 Unix-Workstation polkitd[1089]: Loading rules from directory /usr/share/polkit-1/rules.d
2026-07-21T15:19:48.571971+01:00 Unix-Workstation polkitd[1089]: Finished loading, compiling and executing 18 rules
2026-07-21T15:19:48.576254+01:00 Unix-Workstation polkitd[1089]: Acquired the name org.freedesktop.PolicyKit1 on the system bus
2026-07-21T15:19:49.730330+01:00 Unix-Workstation gdm-launch-environment]: pam_unix(gdm-launch-environment:session): session opened for user gdm(uid=119) by (uid=0)
2026-07-21T15:19:49.769606+01:00 Unix-Workstation systemd-logind[1131]: New session c1 of user gdm.
2026-07-21T15:19:49.811434+01:00 Unix-Workstation (systemd): pam_unix(systemd-user:session): session opened for user gdm(uid=119) by gdm(uid=0)
2026-07-21T15:19:49.815432+01:00 Unix-Workstation systemd-logind[1131]: New session 1 of user gdm.
2026-07-21T15:19:52.138222+01:00 Unix-Workstation polkitd[1089]: Registered Authentication Agent for unix-session:c1 (system bus name :1.40 [/usr/bin/gnome-shell], object path /org/freedesktop/PolicyKit1/AuthenticationAgent, locale en_US.UTF-8)
2026-07-21T15:19:53.477301+01:00 Unix-Workstation gnome-keyring-daemon[2128]: The Secret Service was already initialized
2026-07-21T15:19:53.477815+01:00 Unix-Workstation gnome-keyring-daemon[2127]: discover_other_daemon: 1
2026-07-21T15:20:03.055577+01:00 Unix-Workstation gdm-password]: gkr-pam: unable to locate daemon control file
2026-07-21T15:20:03.055698+01:00 Unix-Workstation gdm-password]: gkr-pam: stashed password to try later in open session
2026-07-21T15:20:03.078975+01:00 Unix-Workstation gdm-password]: pam_unix(gdm-password:session): session opened for user unixuser(uid=1000) by unixuser(uid=0)
2026-07-21T15:20:03.098121+01:00 Unix-Workstation systemd-logind[1131]: New session 2 of user unixuser.
2026-07-21T15:20:03.147225+01:00 Unix-Workstation (systemd): pam_unix(systemd-user:session): session opened for user unixuser(uid=1000) by unixuser(uid=0)
2026-07-21T15:20:03.149762+01:00 Unix-Workstation systemd-logind[1131]: New session 3 of user unixuser.
2026-07-21T15:20:03.482939+01:00 Unix-Workstation gdm-password]: gkr-pam: unlocked login keyring
2026-07-21T15:20:03.932510+01:00 Unix-Workstation gnome-keyring-daemon[2180]: The PKCS#11 component was already initialized
2026-07-21T15:20:03.933531+01:00 Unix-Workstation gnome-keyring-daemon[2368]: discover_other_daemon: 1
2026-07-21T15:20:03.937771+01:00 Unix-Workstation gnome-keyring-daemon[2180]: The Secret Service was already initialized
2026-07-21T15:20:03.945362+01:00 Unix-Workstation gnome-keyring-daemon[2370]: discover_other_daemon: 1
2026-07-21T15:20:03.947136+01:00 Unix-Workstation gnome-keyring-daemon[2369]: discover_other_daemon: 1
2026-07-21T15:20:05.693138+01:00 Unix-Workstation polkitd[1089]: Registered Authentication Agent for unix-session:2 (system bus name :1.84 [/usr/bin/gnome-shell], object path /org/freedesktop/PolicyKit1/AuthenticationAgent, locale en_US.UTF-8)
2026-07-21T15:20:06.491409+01:00 Unix-Workstation gdm-launch-environment]: pam_unix(gdm-launch-environment:session): session closed for user gdm
2026-07-21T15:20:06.507844+01:00 Unix-Workstation systemd-logind[1131]: Session c1 logged out. Waiting for processes to exit.
2026-07-21T15:20:06.563317+01:00 Unix-Workstation polkitd[1089]: Unregistered Authentication Agent for unix-session:c1 (system bus name :1.40, object path /org/freedesktop/PolicyKit1/AuthenticationAgent, locale en_US.UTF-8) (disconnected from bus)
2026-07-21T15:20:06.571840+01:00 Unix-Workstation systemd-logind[1131]: Removed session c1.
2026-07-21T15:20:16.937305+01:00 Unix-Workstation systemd-logind[1131]: Removed session 1.
2026-07-21T15:20:16.937840+01:00 Unix-Workstation (sd-pam): pam_unix(systemd-user:session): session closed for user gdm
2026-07-21T15:21:07.088372+01:00 Unix-Workstation pkexec: pam_unix(polkit-1:session): session opened for user root(uid=0) by unixuser(uid=1000)
2026-07-21T15:21:07.089788+01:00 Unix-Workstation pkexec[3563]: unixuser: Executing command [USER=root] [TTY=unknown] [CWD=/home/unixuser] [COMMAND=/usr/lib/update-notifier/package-system-locked]
2026-07-21T15:21:17.311772+01:00 Unix-Workstation dbus-daemon[1070]: [system] Failed to activate service 'org.bluez': timed out (service_start_timeout=25000ms)
2026-07-21T15:24:42.832349+01:00 Unix-Workstation sudo: unixuser : TTY=pts/0 ; PWD=/home/unixuser ; USER=root ; COMMAND=/usr/bin/apt install gedit
2026-07-21T15:24:42.833196+01:00 Unix-Workstation sudo: pam_unix(sudo:session): session opened for user root(uid=0) by unixuser(uid=1000)
2026-07-21T15:24:51.373529+01:00 Unix-Workstation sudo: pam_unix(sudo:session): session closed for user root
2026-07-21T15:25:01.630244+01:00 Unix-Workstation CRON[4397]: pam_unix(cron:session): session opened for user root(uid=0) by root(uid=0)
2026-07-21T15:25:01.636295+01:00 Unix-Workstation CRON[4397]: pam_unix(cron:session): session closed for user root
2026-07-21T15:26:45.588409+01:00 Unix-Workstation sudo: unixuser : TTY=pts/0 ; PWD=/home/unixuser ; USER=root ; COMMAND=/usr/bin/su
2026-07-21T15:26:45.589503+01:00 Unix-Workstation sudo: pam_unix(sudo:session): session opened for user root(uid=0) by unixuser(uid=1000)
2026-07-21T15:26:45.599250+01:00 Unix-Workstation su[5462]: (to root) root on pts/1
2026-07-21T15:26:45.600093+01:00 Unix-Workstation su[5462]: pam_unix(su:session): session opened for user root(uid=0) by unixuser(uid=0)
2026-07-21T15:26:45.602967+01:00 Unix-Workstation systemd-logind[1131]: Existing logind session ID 3 used by new audit session, ignoring.
2026-07-21T15:26:45.616113+01:00 Unix-Workstation systemd-logind[1131]: New session c2 of user root.
2026-07-21T15:26:45.662375+01:00 Unix-Workstation (systemd): pam_unix(systemd-user:session): session opened for user root(uid=0) by root(uid=0)
2026-07-21T15:26:45.664936+01:00 Unix-Workstation systemd-logind[1131]: New session 5 of user root.
2026-07-21T15:27:05.984679+01:00 Unix-Workstation pkexec: pam_unix(polkit-1:session): session opened for user root(uid=0) by unixuser(uid=1000)
2026-07-21T15:27:05.985976+01:00 Unix-Workstation pkexec[5780]: unixuser: Executing command [USER=root] [TTY=unknown] [CWD=/home/unixuser] [COMMAND=/usr/lib/update-notifier/package-system-locked]
2026-07-21T15:29:56.584128+01:00 Unix-Workstation dbus-daemon[5485]: [session uid=0 pid=5485 pidfd=5] Failed to activate service 'org.freedesktop.portal.Desktop': timed out (service_start_timeout=120000ms)
2026-07-21T15:29:56.585086+01:00 Unix-Workstation dbus-daemon[5485]: [session uid=0 pid=5485 pidfd=5] Failed to activate service 'org.freedesktop.impl.portal.desktop.gtk': timed out (service_start_timeout=120000ms)
2026-07-21T15:30:01.644757+01:00 Unix-Workstation CRON[5947]: pam_unix(cron:session): session opened for user root(uid=0) by root(uid=0)
2026-07-21T15:30:01.648576+01:00 Unix-Workstation CRON[5947]: pam_unix(cron:session): session closed for user root
2026-07-21T15:30:47.812713+01:00 Unix-Workstation sudo:     root : TTY=pts/1 ; PWD=/etc/network ; USER=root ; COMMAND=/usr/bin/touch /etc/cloud/cloud.cfg.d/99-disable-network-config.cfg
2026-07-21T15:30:47.813695+01:00 Unix-Workstation sudo: pam_unix(sudo:session): session opened for user root(uid=0) by unixuser(uid=0)
2026-07-21T15:30:47.817798+01:00 Unix-Workstation sudo: pam_unix(sudo:session): session closed for user root
2026-07-21T15:30:59.925105+01:00 Unix-Workstation sudo:     root : TTY=pts/1 ; PWD=/etc/network ; USER=root ; COMMAND=/usr/bin/gedit /etc/cloud/cloud.cfg.d/99-disable-network-config.cfg
2026-07-21T15:30:59.926041+01:00 Unix-Workstation sudo: pam_unix(sudo:session): session opened for user root(uid=0) by unixuser(uid=0)
2026-07-21T15:31:12.780900+01:00 Unix-Workstation sudo: pam_unix(sudo:session): session closed for user root
2026-07-21T15:31:17.093225+01:00 Unix-Workstation sudo:     root : TTY=pts/1 ; PWD=/etc/network ; USER=root ; COMMAND=/usr/bin/gedit /etc/cloud/cloud.cfg.d/99-disable-network-config.cfg
2026-07-21T15:31:17.094145+01:00 Unix-Workstation sudo: pam_unix(sudo:session): session opened for user root(uid=0) by unixuser(uid=0)
2026-07-21T15:31:18.893963+01:00 Unix-Workstation sudo: pam_unix(sudo:session): session closed for user root
2026-07-21T15:31:21.443881+01:00 Unix-Workstation sudo:     root : TTY=pts/1 ; PWD=/etc/network ; USER=root ; COMMAND=/usr/sbin/reboot
2026-07-21T15:31:21.444937+01:00 Unix-Workstation sudo: pam_unix(sudo:session): session opened for user root(uid=0) by unixuser(uid=0)
2026-07-21T15:31:21.455832+01:00 Unix-Workstation systemd-logind[1131]: The system will reboot now!
2026-07-21T15:31:21.469720+01:00 Unix-Workstation sudo: pam_unix(sudo:session): session closed for user root
2026-07-21T15:31:21.490677+01:00 Unix-Workstation systemd-logind[1131]: System is rebooting.
2026-07-21T15:31:21.515352+01:00 Unix-Workstation gdm-password]: pam_unix(gdm-password:session): session closed for user unixuser
2026-07-21T15:31:21.515738+01:00 Unix-Workstation su[5462]: pam_unix(su:session): session closed for user root
2026-07-21T15:31:21.630009+01:00 Unix-Workstation systemd-logind[1131]: Session 2 logged out. Waiting for processes to exit.
2026-07-21T15:31:35.068904+01:00 Unix-Workstation systemd-logind[1144]: New seat seat0.
2026-07-21T15:31:35.068911+01:00 Unix-Workstation systemd-logind[1144]: Watching system buttons on /dev/input/event0 (Power Button)
2026-07-21T15:31:35.068919+01:00 Unix-Workstation systemd-logind[1144]: Watching system buttons on /dev/input/event1 (AT Translated Set 2 keyboard)
2026-07-21T15:31:35.069004+01:00 Unix-Workstation polkitd[1113]: Loading rules from directory /etc/polkit-1/rules.d
2026-07-21T15:31:35.063683+01:00 Unix-Workstation polkitd[1113]: Loading rules from directory /run/polkit-1/rules.d
2026-07-21T15:31:35.063914+01:00 Unix-Workstation polkitd[1113]: Error opening rules directory: Error opening directory “/run/polkit-1/rules.d”: No such file or directory (g-file-error-quark, 4)
2026-07-21T15:31:35.064021+01:00 Unix-Workstation polkitd[1113]: Loading rules from directory /usr/local/share/polkit-1/rules.d
2026-07-21T15:31:35.064140+01:00 Unix-Workstation polkitd[1113]: Error opening rules directory: Error opening directory “/usr/local/share/polkit-1/rules.d”: No such file or directory (g-file-error-quark, 4)
2026-07-21T15:31:35.064483+01:00 Unix-Workstation polkitd[1113]: Loading rules from directory /usr/share/polkit-1/rules.d
2026-07-21T15:31:35.088010+01:00 Unix-Workstation polkitd[1113]: Finished loading, compiling and executing 18 rules
2026-07-21T15:31:35.093329+01:00 Unix-Workstation polkitd[1113]: Acquired the name org.freedesktop.PolicyKit1 on the system bus
2026-07-21T15:31:36.342854+01:00 Unix-Workstation gdm-launch-environment]: pam_unix(gdm-launch-environment:session): session opened for user gdm(uid=119) by (uid=0)
2026-07-21T15:31:36.361256+01:00 Unix-Workstation systemd-logind[1144]: New session c1 of user gdm.
2026-07-21T15:31:36.429304+01:00 Unix-Workstation (systemd): pam_unix(systemd-user:session): session opened for user gdm(uid=119) by gdm(uid=0)
2026-07-21T15:31:36.432245+01:00 Unix-Workstation systemd-logind[1144]: New session 1 of user gdm.
2026-07-21T15:31:38.868487+01:00 Unix-Workstation polkitd[1113]: Registered Authentication Agent for unix-session:c1 (system bus name :1.40 [/usr/bin/gnome-shell], object path /org/freedesktop/PolicyKit1/AuthenticationAgent, locale en_US.UTF-8)
2026-07-21T15:31:40.125317+01:00 Unix-Workstation gnome-keyring-daemon[2152]: The Secret Service was already initialized
2026-07-21T15:31:40.125793+01:00 Unix-Workstation gnome-keyring-daemon[2151]: discover_other_daemon: 1
2026-07-21T15:31:45.095643+01:00 Unix-Workstation gdm-password]: gkr-pam: unable to locate daemon control file
2026-07-21T15:31:45.095739+01:00 Unix-Workstation gdm-password]: gkr-pam: stashed password to try later in open session
2026-07-21T15:31:45.112057+01:00 Unix-Workstation gdm-password]: pam_unix(gdm-password:session): session opened for user unixuser(uid=1000) by unixuser(uid=0)
2026-07-21T15:31:45.127600+01:00 Unix-Workstation systemd-logind[1144]: New session 2 of user unixuser.
2026-07-21T15:31:45.181395+01:00 Unix-Workstation (systemd): pam_unix(systemd-user:session): session opened for user unixuser(uid=1000) by unixuser(uid=0)
2026-07-21T15:31:45.184008+01:00 Unix-Workstation systemd-logind[1144]: New session 3 of user unixuser.
2026-07-21T15:31:45.515893+01:00 Unix-Workstation gdm-password]: gkr-pam: unlocked login keyring
2026-07-21T15:31:45.933041+01:00 Unix-Workstation gnome-keyring-daemon[2192]: The Secret Service was already initialized
2026-07-21T15:31:45.933830+01:00 Unix-Workstation gnome-keyring-daemon[2387]: discover_other_daemon: 1
2026-07-21T15:31:45.940656+01:00 Unix-Workstation gnome-keyring-daemon[2192]: The PKCS#11 component was already initialized
2026-07-21T15:31:45.941565+01:00 Unix-Workstation gnome-keyring-daemon[2390]: discover_other_daemon: 1
2026-07-21T15:31:45.950174+01:00 Unix-Workstation gnome-keyring-daemon[2393]: discover_other_daemon: 1
2026-07-21T15:31:47.647839+01:00 Unix-Workstation polkitd[1113]: Registered Authentication Agent for unix-session:2 (system bus name :1.84 [/usr/bin/gnome-shell], object path /org/freedesktop/PolicyKit1/AuthenticationAgent, locale en_US.UTF-8)
2026-07-21T15:31:48.384664+01:00 Unix-Workstation gdm-launch-environment]: pam_unix(gdm-launch-environment:session): session closed for user gdm
2026-07-21T15:31:48.397653+01:00 Unix-Workstation systemd-logind[1144]: Session c1 logged out. Waiting for processes to exit.
2026-07-21T15:31:48.431606+01:00 Unix-Workstation polkitd[1113]: Unregistered Authentication Agent for unix-session:c1 (system bus name :1.40, object path /org/freedesktop/PolicyKit1/AuthenticationAgent, locale en_US.UTF-8) (disconnected from bus)
2026-07-21T15:31:48.447422+01:00 Unix-Workstation systemd-logind[1144]: Removed session c1.
2026-07-21T15:31:58.779974+01:00 Unix-Workstation systemd-logind[1144]: Removed session 1.
2026-07-21T15:32:06.944362+01:00 Unix-Workstation gdm-password]: pam_unix(gdm-password:auth): conversation failed
2026-07-21T15:32:06.944541+01:00 Unix-Workstation gdm-password]: pam_unix(gdm-password:auth): auth could not identify password for [unixuser]
2026-07-21T15:32:12.045153+01:00 Unix-Workstation gdm-password]: gkr-pam: unlocked login keyring
2026-07-21T15:32:49.617171+01:00 Unix-Workstation pkexec: pam_unix(polkit-1:session): session opened for user root(uid=0) by unixuser(uid=1000)
2026-07-21T15:32:49.618598+01:00 Unix-Workstation pkexec[3610]: unixuser: Executing command [USER=root] [TTY=unknown] [CWD=/home/unixuser] [COMMAND=/usr/lib/update-notifier/package-system-locked]
2026-07-21T15:35:01.692133+01:00 Unix-Workstation CRON[3709]: pam_unix(cron:session): session opened for user root(uid=0) by root(uid=0)
2026-07-21T15:35:01.697629+01:00 Unix-Workstation CRON[3709]: pam_unix(cron:session): session closed for user root
2026-07-21T15:36:44.178985+01:00 Unix-Workstation sudo: unixuser : TTY=pts/0 ; PWD=/etc/netplan ; USER=root ; COMMAND=/usr/bin/nano 01-network-manager-all.yaml
2026-07-21T15:36:44.184326+01:00 Unix-Workstation sudo: pam_unix(sudo:session): session opened for user root(uid=0) by unixuser(uid=1000)
2026-07-21T15:38:10.929916+01:00 Unix-Workstation sudo: pam_unix(sudo:session): session closed for user root
2026-07-21T15:38:21.049054+01:00 Unix-Workstation sudo: unixuser : TTY=pts/0 ; PWD=/etc/netplan ; USER=root ; COMMAND=/usr/sbin/netplan apply
2026-07-21T15:38:21.051055+01:00 Unix-Workstation sudo: pam_unix(sudo:session): session opened for user root(uid=0) by unixuser(uid=1000)
2026-07-21T15:38:22.099341+01:00 Unix-Workstation sudo: pam_unix(sudo:session): session closed for user root
2026-07-21T15:40:35.786008+01:00 Unix-Workstation sudo: unixuser : TTY=pts/0 ; PWD=/etc/netplan ; USER=root ; COMMAND=/usr/bin/systemctl status ssh
2026-07-21T15:40:35.787138+01:00 Unix-Workstation sudo: pam_unix(sudo:session): session opened for user root(uid=0) by unixuser(uid=1000)
2026-07-21T15:40:35.801123+01:00 Unix-Workstation sudo: pam_unix(sudo:session): session closed for user root
2026-07-21T15:40:44.745447+01:00 Unix-Workstation sudo: unixuser : TTY=pts/0 ; PWD=/etc/netplan ; USER=root ; COMMAND=/usr/bin/systemctl enable ssh
2026-07-21T15:40:44.746592+01:00 Unix-Workstation sudo: pam_unix(sudo:session): session opened for user root(uid=0) by unixuser(uid=1000)
2026-07-21T15:40:44.757505+01:00 Unix-Workstation sudo: pam_unix(sudo:session): session closed for user root
2026-07-21T15:41:07.481106+01:00 Unix-Workstation sudo: unixuser : TTY=pts/0 ; PWD=/etc/netplan ; USER=root ; COMMAND=/usr/bin/apt install openssh-server
2026-07-21T15:41:07.482391+01:00 Unix-Workstation sudo: pam_unix(sudo:session): session opened for user root(uid=0) by unixuser(uid=1000)
2026-07-21T15:41:12.566003+01:00 Unix-Workstation useradd[4588]: new user: name=sshd, UID=120, GID=65534, home=/run/sshd, shell=/usr/sbin/nologin, from=none
2026-07-21T15:41:17.164066+01:00 Unix-Workstation sudo: pam_unix(sudo:session): session closed for user root
2026-07-21T15:41:20.553445+01:00 Unix-Workstation sudo: unixuser : TTY=pts/0 ; PWD=/etc/netplan ; USER=root ; COMMAND=/usr/bin/systemctl enable ssh
2026-07-21T15:41:20.554631+01:00 Unix-Workstation sudo: pam_unix(sudo:session): session opened for user root(uid=0) by unixuser(uid=1000)
2026-07-21T15:41:22.008976+01:00 Unix-Workstation sudo: pam_unix(sudo:session): session closed for user root
2026-07-21T15:41:48.549652+01:00 Unix-Workstation pkexec: pam_unix(polkit-1:session): session opened for user root(uid=0) by unixuser(uid=1000)
2026-07-21T15:41:48.554792+01:00 Unix-Workstation pkexec[5353]: unixuser: Executing command [USER=root] [TTY=unknown] [CWD=/home/unixuser] [COMMAND=/usr/lib/update-notifier/package-system-locked]
2026-07-21T15:41:49.994001+01:00 Unix-Workstation sudo: unixuser : TTY=pts/0 ; PWD=/etc/netplan ; USER=root ; COMMAND=/usr/bin/ss -tlnp
2026-07-21T15:41:49.995277+01:00 Unix-Workstation sudo: pam_unix(sudo:session): session opened for user root(uid=0) by unixuser(uid=1000)
2026-07-21T15:41:50.065438+01:00 Unix-Workstation sudo: pam_unix(sudo:session): session closed for user root
2026-07-21T15:42:11.401799+01:00 Unix-Workstation sudo: unixuser : TTY=pts/0 ; PWD=/etc/netplan ; USER=root ; COMMAND=/usr/bin/nano /etc/ssh/sshd_config
2026-07-21T15:42:11.403033+01:00 Unix-Workstation sudo: pam_unix(sudo:session): session opened for user root(uid=0) by unixuser(uid=1000)
2026-07-21T15:42:27.296865+01:00 Unix-Workstation sudo: pam_unix(sudo:session): session closed for user root
2026-07-21T15:42:42.586118+01:00 Unix-Workstation sudo: unixuser : TTY=pts/0 ; PWD=/etc/netplan ; USER=root ; COMMAND=/usr/bin/cat /etc/ssh/sshd_config
2026-07-21T15:42:42.587315+01:00 Unix-Workstation sudo: pam_unix(sudo:session): session opened for user root(uid=0) by unixuser(uid=1000)
2026-07-21T15:42:42.591149+01:00 Unix-Workstation sudo: pam_unix(sudo:session): session closed for user root
2026-07-21T15:42:54.841357+01:00 Unix-Workstation sudo: unixuser : TTY=pts/0 ; PWD=/etc/netplan ; USER=root ; COMMAND=/usr/sbin/ufw status
2026-07-21T15:42:54.842553+01:00 Unix-Workstation sudo: pam_unix(sudo:session): session opened for user root(uid=0) by unixuser(uid=1000)
2026-07-21T15:42:54.975300+01:00 Unix-Workstation sudo: pam_unix(sudo:session): session closed for user root
2026-07-21T15:43:47.241805+01:00 Unix-Workstation sudo: unixuser : TTY=pts/0 ; PWD=/etc/netplan ; USER=root ; COMMAND=/usr/bin/systemctl status ssh
2026-07-21T15:43:47.243033+01:00 Unix-Workstation sudo: pam_unix(sudo:session): session opened for user root(uid=0) by unixuser(uid=1000)
2026-07-21T15:43:52.001659+01:00 Unix-Workstation sudo: pam_unix(sudo:session): session closed for user root
2026-07-21T15:43:56.858291+01:00 Unix-Workstation sudo: unixuser : TTY=pts/0 ; PWD=/etc/netplan ; USER=root ; COMMAND=/usr/bin/systemctl enable ssh
2026-07-21T15:43:56.859473+01:00 Unix-Workstation sudo: pam_unix(sudo:session): session opened for user root(uid=0) by unixuser(uid=1000)
2026-07-21T15:43:58.308526+01:00 Unix-Workstation sudo: pam_unix(sudo:session): session closed for user root
2026-07-21T15:44:00.377999+01:00 Unix-Workstation sudo: unixuser : TTY=pts/0 ; PWD=/etc/netplan ; USER=root ; COMMAND=/usr/bin/systemctl status ssh
2026-07-21T15:44:00.379285+01:00 Unix-Workstation sudo: pam_unix(sudo:session): session opened for user root(uid=0) by unixuser(uid=1000)
2026-07-21T15:44:15.266399+01:00 Unix-Workstation sudo: pam_unix(sudo:session): session closed for user root
2026-07-21T15:44:26.666589+01:00 Unix-Workstation sudo: unixuser : TTY=pts/0 ; PWD=/etc/netplan ; USER=root ; COMMAND=/usr/bin/ss -tlnp
2026-07-21T15:44:26.667751+01:00 Unix-Workstation sudo: pam_unix(sudo:session): session opened for user root(uid=0) by unixuser(uid=1000)
2026-07-21T15:44:26.721631+01:00 Unix-Workstation sudo: pam_unix(sudo:session): session closed for user root
2026-07-21T15:45:01.707013+01:00 Unix-Workstation CRON[5807]: pam_unix(cron:session): session opened for user root(uid=0) by root(uid=0)
2026-07-21T15:45:01.713491+01:00 Unix-Workstation CRON[5807]: pam_unix(cron:session): session closed for user root
2026-07-21T15:45:09.982691+01:00 Unix-Workstation sudo: unixuser : TTY=pts/0 ; PWD=/etc/netplan ; USER=root ; COMMAND=/usr/bin/systemctl start ssh
2026-07-21T15:45:09.985295+01:00 Unix-Workstation sudo: pam_unix(sudo:session): session opened for user root(uid=0) by unixuser(uid=1000)
2026-07-21T15:45:10.087712+01:00 Unix-Workstation sshd[5816]: Server listening on 0.0.0.0 port 22.
2026-07-21T15:45:10.087880+01:00 Unix-Workstation sshd[5816]: Server listening on :: port 22.
2026-07-21T15:45:10.091001+01:00 Unix-Workstation sudo: pam_unix(sudo:session): session closed for user root
2026-07-21T15:45:14.300863+01:00 Unix-Workstation sudo: unixuser : TTY=pts/0 ; PWD=/etc/netplan ; USER=root ; COMMAND=/usr/bin/systemctl status ssh
2026-07-21T15:45:14.302366+01:00 Unix-Workstation sudo: pam_unix(sudo:session): session opened for user root(uid=0) by unixuser(uid=1000)
2026-07-21T15:46:53.287542+01:00 Unix-Workstation sudo: pam_unix(sudo:session): session closed for user root
2026-07-21T15:46:55.244356+01:00 Unix-Workstation sudo: unixuser : TTY=pts/0 ; PWD=/etc/netplan ; USER=root ; COMMAND=/usr/bin/ss -tlnp
2026-07-21T15:46:55.245549+01:00 Unix-Workstation sudo: pam_unix(sudo:session): session opened for user root(uid=0) by unixuser(uid=1000)
2026-07-21T15:46:55.300035+01:00 Unix-Workstation sudo: pam_unix(sudo:session): session closed for user root
2026-07-21T15:47:12.604450+01:00 Unix-Workstation sudo: unixuser : TTY=pts/0 ; PWD=/etc/netplan ; USER=root ; COMMAND=/usr/bin/journalctl -xeu ssh
2026-07-21T15:47:12.605753+01:00 Unix-Workstation sudo: pam_unix(sudo:session): session opened for user root(uid=0) by unixuser(uid=1000)
2026-07-21T15:47:26.996512+01:00 Unix-Workstation sudo: pam_unix(sudo:session): session closed for user root
2026-07-21T15:50:10.504160+01:00 Unix-Workstation sshd-session[5847]: Accepted password for unixuser from 10.10.10.53 port 53658 ssh2
2026-07-21T15:50:10.507008+01:00 Unix-Workstation sshd-session[5847]: pam_unix(sshd:session): session opened for user unixuser(uid=1000) by unixuser(uid=0)
2026-07-21T15:50:10.512407+01:00 Unix-Workstation systemd-logind[1144]: New session 6 of user unixuser.
2026-07-21T15:50:13.770624+01:00 Unix-Workstation sshd-session[5847]: syslogin_perform_logout: logout() returned an error
2026-07-21T15:50:13.771543+01:00 Unix-Workstation sshd-session[5967]: Received disconnect from 10.10.10.53 port 53658:11: disconnected by user
2026-07-21T15:50:13.771735+01:00 Unix-Workstation sshd-session[5967]: Disconnected from user unixuser 10.10.10.53 port 53658
2026-07-21T15:50:13.772966+01:00 Unix-Workstation sshd-session[5847]: pam_unix(sshd:session): session closed for user unixuser
2026-07-21T15:50:13.781527+01:00 Unix-Workstation systemd-logind[1144]: Session 6 logged out. Waiting for processes to exit.
2026-07-21T15:50:13.782948+01:00 Unix-Workstation systemd-logind[1144]: Removed session 6.
2026-07-21T15:51:46.711450+01:00 Unix-Workstation sshd-session[6021]: error: kex_exchange_identification: read: Connection reset by peer
2026-07-21T15:51:46.711787+01:00 Unix-Workstation sshd-session[6021]: Connection reset by 10.10.10.53 port 62926
2026-07-21T15:55:01.723762+01:00 Unix-Workstation CRON[6034]: pam_unix(cron:session): session opened for user root(uid=0) by root(uid=0)
2026-07-21T15:55:01.729464+01:00 Unix-Workstation CRON[6034]: pam_unix(cron:session): session closed for user root
2026-07-21T16:05:01.738922+01:00 Unix-Workstation CRON[6055]: pam_unix(cron:session): session opened for user root(uid=0) by root(uid=0)
2026-07-21T16:05:01.744139+01:00 Unix-Workstation CRON[6055]: pam_unix(cron:session): session closed for user root
2026-07-21T16:15:01.753409+01:00 Unix-Workstation CRON[6067]: pam_unix(cron:session): session opened for user root(uid=0) by root(uid=0)
2026-07-21T16:15:01.758799+01:00 Unix-Workstation CRON[6067]: pam_unix(cron:session): session closed for user root
2026-07-21T16:17:01.767310+01:00 Unix-Workstation CRON[6071]: pam_unix(cron:session): session opened for user root(uid=0) by root(uid=0)
2026-07-21T16:17:01.772939+01:00 Unix-Workstation CRON[6071]: pam_unix(cron:session): session closed for user root
2026-07-21T16:19:19.942381+01:00 Unix-Workstation sshd-session[6082]: Connection closed by 10.10.10.53 port 64614
2026-07-21T16:19:20.023271+01:00 Unix-Workstation sshd-session[6083]: Accepted password for unixuser from 10.10.10.53 port 64615 ssh2
2026-07-21T16:19:20.025993+01:00 Unix-Workstation sshd-session[6083]: pam_unix(sshd:session): session opened for user unixuser(uid=1000) by unixuser(uid=0)
2026-07-21T16:19:20.031747+01:00 Unix-Workstation systemd-logind[1144]: New session 11 of user unixuser.
2026-07-21T16:19:20.237075+01:00 Unix-Workstation sshd-session[6117]: Connection closed by 10.10.10.53 port 64615
2026-07-21T16:19:20.237379+01:00 Unix-Workstation sshd-session[6083]: pam_unix(sshd:session): session closed for user unixuser
2026-07-21T16:19:20.245124+01:00 Unix-Workstation systemd-logind[1144]: Session 11 logged out. Waiting for processes to exit.
2026-07-21T16:19:20.246853+01:00 Unix-Workstation systemd-logind[1144]: Removed session 11.
2026-07-21T16:20:01.527447+01:00 Unix-Workstation sshd-session[6124]: error: kex_exchange_identification: read: Connection reset by peer
2026-07-21T16:20:01.527775+01:00 Unix-Workstation sshd-session[6124]: Connection reset by 10.10.10.53 port 64619
2026-07-21T16:20:01.603629+01:00 Unix-Workstation sshd-session[6126]: pam_unix(sshd:auth): authentication failure; logname= uid=0 euid=0 tty=ssh ruser= rhost=10.10.10.53  user=unixuser
2026-07-21T16:20:03.351660+01:00 Unix-Workstation sshd-session[6126]: Failed password for unixuser from 10.10.10.53 port 64620 ssh2
2026-07-21T16:20:03.619403+01:00 Unix-Workstation sshd-session[6133]: pam_unix(sshd:auth): authentication failure; logname= uid=0 euid=0 tty=ssh ruser= rhost=10.10.10.53  user=unixuser
2026-07-21T16:20:06.310539+01:00 Unix-Workstation sshd-session[6133]: Failed password for unixuser from 10.10.10.53 port 64622 ssh2
2026-07-21T16:20:07.513387+01:00 Unix-Workstation sshd-session[6126]: Connection closed by authenticating user unixuser 10.10.10.53 port 64620 [preauth]
2026-07-21T16:20:07.561777+01:00 Unix-Workstation sshd-session[6133]: Connection reset by authenticating user unixuser 10.10.10.53 port 64622 [preauth]
2026-07-21T16:24:11.289167+01:00 Unix-Workstation sshd-session[6139]: error: kex_exchange_identification: read: Connection reset by peer
2026-07-21T16:24:11.294201+01:00 Unix-Workstation sshd-session[6139]: Connection reset by 10.10.10.53 port 62268
2026-07-21T16:24:11.395928+01:00 Unix-Workstation sshd-session[6140]: Accepted password for unixuser from 10.10.10.53 port 62269 ssh2
2026-07-21T16:24:11.398758+01:00 Unix-Workstation sshd-session[6140]: pam_unix(sshd:session): session opened for user unixuser(uid=1000) by unixuser(uid=0)
2026-07-21T16:24:11.404483+01:00 Unix-Workstation systemd-logind[1144]: New session 12 of user unixuser.
2026-07-21T16:24:11.483825+01:00 Unix-Workstation sshd-session[6174]: Connection closed by 10.10.10.53 port 62269
2026-07-21T16:24:11.484862+01:00 Unix-Workstation sshd-session[6140]: pam_unix(sshd:session): session closed for user unixuser
2026-07-21T16:24:11.492653+01:00 Unix-Workstation systemd-logind[1144]: Session 12 logged out. Waiting for processes to exit.
2026-07-21T16:24:11.493962+01:00 Unix-Workstation systemd-logind[1144]: Removed session 12.
2026-07-21T16:25:01.782556+01:00 Unix-Workstation CRON[6176]: pam_unix(cron:session): session opened for user root(uid=0) by root(uid=0)
2026-07-21T16:25:01.787662+01:00 Unix-Workstation CRON[6176]: pam_unix(cron:session): session closed for user root
2026-07-21T16:28:49.252166+01:00 Unix-Workstation sshd-session[6179]: Connection closed by 10.10.10.53 port 49281
2026-07-21T16:28:49.335528+01:00 Unix-Workstation sshd-session[6180]: pam_unix(sshd:auth): authentication failure; logname= uid=0 euid=0 tty=ssh ruser= rhost=10.10.10.53  user=unixuser
2026-07-21T16:28:51.570085+01:00 Unix-Workstation sshd-session[6180]: Failed password for unixuser from 10.10.10.53 port 49283 ssh2
2026-07-21T16:28:53.223393+01:00 Unix-Workstation sshd-session[6180]: Connection closed by authenticating user unixuser 10.10.10.53 port 49283 [preauth]
2026-07-21T16:30:01.796593+01:00 Unix-Workstation CRON[6184]: pam_unix(cron:session): session opened for user root(uid=0) by root(uid=0)
2026-07-21T16:30:01.800576+01:00 Unix-Workstation CRON[6184]: pam_unix(cron:session): session closed for user root
2026-07-21T16:34:46.176604+01:00 Unix-Workstation sshd-session[6205]: Connection closed by 10.10.10.53 port 63096
2026-07-21T16:34:46.250840+01:00 Unix-Workstation sshd-session[6206]: pam_unix(sshd:auth): authentication failure; logname= uid=0 euid=0 tty=ssh ruser= rhost=10.10.10.53  user=unixuser
2026-07-21T16:34:48.495436+01:00 Unix-Workstation sshd-session[6206]: Failed password for unixuser from 10.10.10.53 port 63097 ssh2
2026-07-21T16:34:50.139929+01:00 Unix-Workstation sshd-session[6206]: Connection closed by authenticating user unixuser 10.10.10.53 port 63097 [preauth]
2026-07-21T16:35:01.809989+01:00 Unix-Workstation CRON[6208]: pam_unix(cron:session): session opened for user root(uid=0) by root(uid=0)
2026-07-21T16:35:01.815086+01:00 Unix-Workstation CRON[6208]: pam_unix(cron:session): session closed for user root
2026-07-21T16:38:12.415384+01:00 Unix-Workstation dbus-daemon[1092]: [system] Failed to activate service 'org.bluez': timed out (service_start_timeout=25000ms)
2026-07-21T16:45:01.824921+01:00 Unix-Workstation CRON[6241]: pam_unix(cron:session): session opened for user root(uid=0) by root(uid=0)
2026-07-21T16:45:01.830444+01:00 Unix-Workstation CRON[6241]: pam_unix(cron:session): session closed for user root
2026-07-21T16:48:28.200910+01:00 Unix-Workstation sshd-session[6245]: Accepted password for unixuser from 10.10.10.53 port 51568 ssh2
2026-07-21T16:48:28.203752+01:00 Unix-Workstation sshd-session[6245]: pam_unix(sshd:session): session opened for user unixuser(uid=1000) by unixuser(uid=0)
2026-07-21T16:48:28.209692+01:00 Unix-Workstation systemd-logind[1144]: New session 17 of user unixuser.
